<?xml version="1.0" encoding="UTF-8"?>
<!-- Generated by org.testng.reporters.JUnitXMLReporter -->
<testsuite ignored="0" hostname="HP" failures="0" tests="4" name="Login Test Cases" time="36.094" errors="0" timestamp="2022-11-23T20:42:21 IST">
  <testcase classname="DataDrivenExamples.BothCorrectUserNameAndPassword" name="BothCorrectUserNamePassword" time="14.298"/>
  <testcase classname="DataDrivenExamples.CorrectPassword" name="correctPassword" time="8.753"/>
  <testcase classname="DataDrivenExamples.CorrectUserName" name="correctUserName" time="6.655"/>
  <testcase classname="DataDrivenExamples.BothWrongUserNameAndPassword" name="bothWrongUserNameAndPassword" time="6.296"/>
</testsuite> <!-- Login Test Cases -->
